[2025-06-11 08:15:03] production.ERROR: Target class [config] does not exist. {"exception":"[object] (Illuminate\\Contracts\\Container\\BindingResolutionException(code: 0): Target class [config] does not exist. at /home/lemmecode-portfolio3/htdocs/portfolio3.lemmecode.in/vendor/laravel/framework/src/Illuminate/Container/Container.php:914)
[stacktrace]
#0 /home/lemmecode-portfolio3/htdocs/portfolio3.lemmecode.in/vendor/laravel/framework/src/Illuminate/Container/Container.php(795): Illuminate\\Container\\Container->build()
#1 /home/lemmecode-portfolio3/htdocs/portfolio3.lemmecode.in/vendor/laravel/framework/src/Illuminate/Foundation/Application.php(986): Illuminate\\Container\\Container->resolve()
#2 /home/lemmecode-portfolio3/htdocs/portfolio3.lemmecode.in/vendor/laravel/framework/src/Illuminate/Container/Container.php(731): Illuminate\\Foundation\\Application->resolve()
#3 /home/lemmecode-portfolio3/htdocs/portfolio3.lemmecode.in/vendor/laravel/framework/src/Illuminate/Foundation/Application.php(971): Illuminate\\Container\\Container->make()
#4 /home/lemmecode-portfolio3/htdocs/portfolio3.lemmecode.in/vendor/laravel/framework/src/Illuminate/Foundation/helpers.php(120): Illuminate\\Foundation\\Application->make()
#5 /home/lemmecode-portfolio3/htdocs/portfolio3.lemmecode.in/vendor/laravel/framework/src/Illuminate/Foundation/helpers.php(274): app()
#6 /home/lemmecode-portfolio3/htdocs/portfolio3.lemmecode.in/vendor/laravel/sanctum/src/Sanctum.php(44): config()
#7 /home/lemmecode-portfolio3/htdocs/portfolio3.lemmecode.in/config/sanctum.php(21): Laravel\\Sanctum\\Sanctum::currentApplicationUrlWithPort()
#8 /home/lemmecode-portfolio3/htdocs/portfolio3.lemmecode.in/vendor/laravel/framework/src/Illuminate/Foundation/Bootstrap/LoadConfiguration.php(70): require('...')
#9 /home/lemmecode-portfolio3/htdocs/portfolio3.lemmecode.in/vendor/laravel/framework/src/Illuminate/Foundation/Bootstrap/LoadConfiguration.php(39): Illuminate\\Foundation\\Bootstrap\\LoadConfiguration->loadConfigurationFiles()
#10 /home/lemmecode-portfolio3/htdocs/portfolio3.lemmecode.in/vendor/laravel/framework/src/Illuminate/Foundation/Application.php(286): Illuminate\\Foundation\\Bootstrap\\LoadConfiguration->bootstrap()
#11 /home/lemmecode-portfolio3/htdocs/portfolio3.lemmecode.in/vendor/laravel/framework/src/Illuminate/Foundation/Console/Kernel.php(447): Illuminate\\Foundation\\Application->bootstrapWith()
#12 /home/lemmecode-portfolio3/htdocs/portfolio3.lemmecode.in/vendor/laravel/framework/src/Illuminate/Foundation/Console/Kernel.php(199): Illuminate\\Foundation\\Console\\Kernel->bootstrap()
#13 /home/lemmecode-portfolio3/htdocs/portfolio3.lemmecode.in/artisan(35): Illuminate\\Foundation\\Console\\Kernel->handle()
#14 {main}

[previous exception] [object] (ReflectionException(code: -1): Class \"config\" does not exist at /home/lemmecode-portfolio3/htdocs/portfolio3.lemmecode.in/vendor/laravel/framework/src/Illuminate/Container/Container.php:912)
[stacktrace]
#0 /home/lemmecode-portfolio3/htdocs/portfolio3.lemmecode.in/vendor/laravel/framework/src/Illuminate/Container/Container.php(912): ReflectionClass->__construct()
#1 /home/lemmecode-portfolio3/htdocs/portfolio3.lemmecode.in/vendor/laravel/framework/src/Illuminate/Container/Container.php(795): Illuminate\\Container\\Container->build()
#2 /home/lemmecode-portfolio3/htdocs/portfolio3.lemmecode.in/vendor/laravel/framework/src/Illuminate/Foundation/Application.php(986): Illuminate\\Container\\Container->resolve()
#3 /home/lemmecode-portfolio3/htdocs/portfolio3.lemmecode.in/vendor/laravel/framework/src/Illuminate/Container/Container.php(731): Illuminate\\Foundation\\Application->resolve()
#4 /home/lemmecode-portfolio3/htdocs/portfolio3.lemmecode.in/vendor/laravel/framework/src/Illuminate/Foundation/Application.php(971): Illuminate\\Container\\Container->make()
#5 /home/lemmecode-portfolio3/htdocs/portfolio3.lemmecode.in/vendor/laravel/framework/src/Illuminate/Foundation/helpers.php(120): Illuminate\\Foundation\\Application->make()
#6 /home/lemmecode-portfolio3/htdocs/portfolio3.lemmecode.in/vendor/laravel/framework/src/Illuminate/Foundation/helpers.php(274): app()
#7 /home/lemmecode-portfolio3/htdocs/portfolio3.lemmecode.in/vendor/laravel/sanctum/src/Sanctum.php(44): config()
#8 /home/lemmecode-portfolio3/htdocs/portfolio3.lemmecode.in/config/sanctum.php(21): Laravel\\Sanctum\\Sanctum::currentApplicationUrlWithPort()
#9 /home/lemmecode-portfolio3/htdocs/portfolio3.lemmecode.in/vendor/laravel/framework/src/Illuminate/Foundation/Bootstrap/LoadConfiguration.php(70): require('...')
#10 /home/lemmecode-portfolio3/htdocs/portfolio3.lemmecode.in/vendor/laravel/framework/src/Illuminate/Foundation/Bootstrap/LoadConfiguration.php(39): Illuminate\\Foundation\\Bootstrap\\LoadConfiguration->loadConfigurationFiles()
#11 /home/lemmecode-portfolio3/htdocs/portfolio3.lemmecode.in/vendor/laravel/framework/src/Illuminate/Foundation/Application.php(286): Illuminate\\Foundation\\Bootstrap\\LoadConfiguration->bootstrap()
#12 /home/lemmecode-portfolio3/htdocs/portfolio3.lemmecode.in/vendor/laravel/framework/src/Illuminate/Foundation/Console/Kernel.php(447): Illuminate\\Foundation\\Application->bootstrapWith()
#13 /home/lemmecode-portfolio3/htdocs/portfolio3.lemmecode.in/vendor/laravel/framework/src/Illuminate/Foundation/Console/Kernel.php(199): Illuminate\\Foundation\\Console\\Kernel->bootstrap()
#14 /home/lemmecode-portfolio3/htdocs/portfolio3.lemmecode.in/artisan(35): Illuminate\\Foundation\\Console\\Kernel->handle()
#15 {main}
"} 
[2025-06-11 08:15:04] production.ERROR: Target class [config] does not exist. {"exception":"[object] (Illuminate\\Contracts\\Container\\BindingResolutionException(code: 0): Target class [config] does not exist. at /home/lemmecode-portfolio3/htdocs/portfolio3.lemmecode.in/vendor/laravel/framework/src/Illuminate/Container/Container.php:914)
[stacktrace]
#0 /home/lemmecode-portfolio3/htdocs/portfolio3.lemmecode.in/vendor/laravel/framework/src/Illuminate/Container/Container.php(795): Illuminate\\Container\\Container->build()
#1 /home/lemmecode-portfolio3/htdocs/portfolio3.lemmecode.in/vendor/laravel/framework/src/Illuminate/Foundation/Application.php(986): Illuminate\\Container\\Container->resolve()
#2 /home/lemmecode-portfolio3/htdocs/portfolio3.lemmecode.in/vendor/laravel/framework/src/Illuminate/Container/Container.php(731): Illuminate\\Foundation\\Application->resolve()
#3 /home/lemmecode-portfolio3/htdocs/portfolio3.lemmecode.in/vendor/laravel/framework/src/Illuminate/Foundation/Application.php(971): Illuminate\\Container\\Container->make()
#4 /home/lemmecode-portfolio3/htdocs/portfolio3.lemmecode.in/vendor/laravel/framework/src/Illuminate/Foundation/helpers.php(120): Illuminate\\Foundation\\Application->make()
#5 /home/lemmecode-portfolio3/htdocs/portfolio3.lemmecode.in/vendor/laravel/framework/src/Illuminate/Foundation/helpers.php(274): app()
#6 /home/lemmecode-portfolio3/htdocs/portfolio3.lemmecode.in/vendor/laravel/sanctum/src/Sanctum.php(44): config()
#7 /home/lemmecode-portfolio3/htdocs/portfolio3.lemmecode.in/config/sanctum.php(21): Laravel\\Sanctum\\Sanctum::currentApplicationUrlWithPort()
#8 /home/lemmecode-portfolio3/htdocs/portfolio3.lemmecode.in/vendor/laravel/framework/src/Illuminate/Foundation/Bootstrap/LoadConfiguration.php(70): require('...')
#9 /home/lemmecode-portfolio3/htdocs/portfolio3.lemmecode.in/vendor/laravel/framework/src/Illuminate/Foundation/Bootstrap/LoadConfiguration.php(39): Illuminate\\Foundation\\Bootstrap\\LoadConfiguration->loadConfigurationFiles()
#10 /home/lemmecode-portfolio3/htdocs/portfolio3.lemmecode.in/vendor/laravel/framework/src/Illuminate/Foundation/Application.php(286): Illuminate\\Foundation\\Bootstrap\\LoadConfiguration->bootstrap()
#11 /home/lemmecode-portfolio3/htdocs/portfolio3.lemmecode.in/vendor/laravel/framework/src/Illuminate/Foundation/Console/Kernel.php(447): Illuminate\\Foundation\\Application->bootstrapWith()
#12 /home/lemmecode-portfolio3/htdocs/portfolio3.lemmecode.in/vendor/laravel/framework/src/Illuminate/Foundation/Console/Kernel.php(199): Illuminate\\Foundation\\Console\\Kernel->bootstrap()
#13 /home/lemmecode-portfolio3/htdocs/portfolio3.lemmecode.in/artisan(35): Illuminate\\Foundation\\Console\\Kernel->handle()
#14 {main}

[previous exception] [object] (ReflectionException(code: -1): Class \"config\" does not exist at /home/lemmecode-portfolio3/htdocs/portfolio3.lemmecode.in/vendor/laravel/framework/src/Illuminate/Container/Container.php:912)
[stacktrace]
#0 /home/lemmecode-portfolio3/htdocs/portfolio3.lemmecode.in/vendor/laravel/framework/src/Illuminate/Container/Container.php(912): ReflectionClass->__construct()
#1 /home/lemmecode-portfolio3/htdocs/portfolio3.lemmecode.in/vendor/laravel/framework/src/Illuminate/Container/Container.php(795): Illuminate\\Container\\Container->build()
#2 /home/lemmecode-portfolio3/htdocs/portfolio3.lemmecode.in/vendor/laravel/framework/src/Illuminate/Foundation/Application.php(986): Illuminate\\Container\\Container->resolve()
#3 /home/lemmecode-portfolio3/htdocs/portfolio3.lemmecode.in/vendor/laravel/framework/src/Illuminate/Container/Container.php(731): Illuminate\\Foundation\\Application->resolve()
#4 /home/lemmecode-portfolio3/htdocs/portfolio3.lemmecode.in/vendor/laravel/framework/src/Illuminate/Foundation/Application.php(971): Illuminate\\Container\\Container->make()
#5 /home/lemmecode-portfolio3/htdocs/portfolio3.lemmecode.in/vendor/laravel/framework/src/Illuminate/Foundation/helpers.php(120): Illuminate\\Foundation\\Application->make()
#6 /home/lemmecode-portfolio3/htdocs/portfolio3.lemmecode.in/vendor/laravel/framework/src/Illuminate/Foundation/helpers.php(274): app()
#7 /home/lemmecode-portfolio3/htdocs/portfolio3.lemmecode.in/vendor/laravel/sanctum/src/Sanctum.php(44): config()
#8 /home/lemmecode-portfolio3/htdocs/portfolio3.lemmecode.in/config/sanctum.php(21): Laravel\\Sanctum\\Sanctum::currentApplicationUrlWithPort()
#9 /home/lemmecode-portfolio3/htdocs/portfolio3.lemmecode.in/vendor/laravel/framework/src/Illuminate/Foundation/Bootstrap/LoadConfiguration.php(70): require('...')
#10 /home/lemmecode-portfolio3/htdocs/portfolio3.lemmecode.in/vendor/laravel/framework/src/Illuminate/Foundation/Bootstrap/LoadConfiguration.php(39): Illuminate\\Foundation\\Bootstrap\\LoadConfiguration->loadConfigurationFiles()
#11 /home/lemmecode-portfolio3/htdocs/portfolio3.lemmecode.in/vendor/laravel/framework/src/Illuminate/Foundation/Application.php(286): Illuminate\\Foundation\\Bootstrap\\LoadConfiguration->bootstrap()
#12 /home/lemmecode-portfolio3/htdocs/portfolio3.lemmecode.in/vendor/laravel/framework/src/Illuminate/Foundation/Console/Kernel.php(447): Illuminate\\Foundation\\Application->bootstrapWith()
#13 /home/lemmecode-portfolio3/htdocs/portfolio3.lemmecode.in/vendor/laravel/framework/src/Illuminate/Foundation/Console/Kernel.php(199): Illuminate\\Foundation\\Console\\Kernel->bootstrap()
#14 /home/lemmecode-portfolio3/htdocs/portfolio3.lemmecode.in/artisan(35): Illuminate\\Foundation\\Console\\Kernel->handle()
#15 {main}
"} 
[2025-06-11 08:15:04] production.ERROR: Target class [config] does not exist. {"exception":"[object] (Illuminate\\Contracts\\Container\\BindingResolutionException(code: 0): Target class [config] does not exist. at /home/lemmecode-portfolio3/htdocs/portfolio3.lemmecode.in/vendor/laravel/framework/src/Illuminate/Container/Container.php:914)
[stacktrace]
#0 /home/lemmecode-portfolio3/htdocs/portfolio3.lemmecode.in/vendor/laravel/framework/src/Illuminate/Container/Container.php(795): Illuminate\\Container\\Container->build()
#1 /home/lemmecode-portfolio3/htdocs/portfolio3.lemmecode.in/vendor/laravel/framework/src/Illuminate/Foundation/Application.php(986): Illuminate\\Container\\Container->resolve()
#2 /home/lemmecode-portfolio3/htdocs/portfolio3.lemmecode.in/vendor/laravel/framework/src/Illuminate/Container/Container.php(731): Illuminate\\Foundation\\Application->resolve()
#3 /home/lemmecode-portfolio3/htdocs/portfolio3.lemmecode.in/vendor/laravel/framework/src/Illuminate/Foundation/Application.php(971): Illuminate\\Container\\Container->make()
#4 /home/lemmecode-portfolio3/htdocs/portfolio3.lemmecode.in/vendor/laravel/framework/src/Illuminate/Foundation/helpers.php(120): Illuminate\\Foundation\\Application->make()
#5 /home/lemmecode-portfolio3/htdocs/portfolio3.lemmecode.in/vendor/laravel/framework/src/Illuminate/Foundation/helpers.php(274): app()
#6 /home/lemmecode-portfolio3/htdocs/portfolio3.lemmecode.in/vendor/laravel/sanctum/src/Sanctum.php(44): config()
#7 /home/lemmecode-portfolio3/htdocs/portfolio3.lemmecode.in/config/sanctum.php(21): Laravel\\Sanctum\\Sanctum::currentApplicationUrlWithPort()
#8 /home/lemmecode-portfolio3/htdocs/portfolio3.lemmecode.in/vendor/laravel/framework/src/Illuminate/Foundation/Bootstrap/LoadConfiguration.php(70): require('...')
#9 /home/lemmecode-portfolio3/htdocs/portfolio3.lemmecode.in/vendor/laravel/framework/src/Illuminate/Foundation/Bootstrap/LoadConfiguration.php(39): Illuminate\\Foundation\\Bootstrap\\LoadConfiguration->loadConfigurationFiles()
#10 /home/lemmecode-portfolio3/htdocs/portfolio3.lemmecode.in/vendor/laravel/framework/src/Illuminate/Foundation/Application.php(286): Illuminate\\Foundation\\Bootstrap\\LoadConfiguration->bootstrap()
#11 /home/lemmecode-portfolio3/htdocs/portfolio3.lemmecode.in/vendor/laravel/framework/src/Illuminate/Foundation/Console/Kernel.php(447): Illuminate\\Foundation\\Application->bootstrapWith()
#12 /home/lemmecode-portfolio3/htdocs/portfolio3.lemmecode.in/vendor/laravel/framework/src/Illuminate/Foundation/Console/Kernel.php(199): Illuminate\\Foundation\\Console\\Kernel->bootstrap()
#13 /home/lemmecode-portfolio3/htdocs/portfolio3.lemmecode.in/artisan(35): Illuminate\\Foundation\\Console\\Kernel->handle()
#14 {main}

[previous exception] [object] (ReflectionException(code: -1): Class \"config\" does not exist at /home/lemmecode-portfolio3/htdocs/portfolio3.lemmecode.in/vendor/laravel/framework/src/Illuminate/Container/Container.php:912)
[stacktrace]
#0 /home/lemmecode-portfolio3/htdocs/portfolio3.lemmecode.in/vendor/laravel/framework/src/Illuminate/Container/Container.php(912): ReflectionClass->__construct()
#1 /home/lemmecode-portfolio3/htdocs/portfolio3.lemmecode.in/vendor/laravel/framework/src/Illuminate/Container/Container.php(795): Illuminate\\Container\\Container->build()
#2 /home/lemmecode-portfolio3/htdocs/portfolio3.lemmecode.in/vendor/laravel/framework/src/Illuminate/Foundation/Application.php(986): Illuminate\\Container\\Container->resolve()
#3 /home/lemmecode-portfolio3/htdocs/portfolio3.lemmecode.in/vendor/laravel/framework/src/Illuminate/Container/Container.php(731): Illuminate\\Foundation\\Application->resolve()
#4 /home/lemmecode-portfolio3/htdocs/portfolio3.lemmecode.in/vendor/laravel/framework/src/Illuminate/Foundation/Application.php(971): Illuminate\\Container\\Container->make()
#5 /home/lemmecode-portfolio3/htdocs/portfolio3.lemmecode.in/vendor/laravel/framework/src/Illuminate/Foundation/helpers.php(120): Illuminate\\Foundation\\Application->make()
#6 /home/lemmecode-portfolio3/htdocs/portfolio3.lemmecode.in/vendor/laravel/framework/src/Illuminate/Foundation/helpers.php(274): app()
#7 /home/lemmecode-portfolio3/htdocs/portfolio3.lemmecode.in/vendor/laravel/sanctum/src/Sanctum.php(44): config()
#8 /home/lemmecode-portfolio3/htdocs/portfolio3.lemmecode.in/config/sanctum.php(21): Laravel\\Sanctum\\Sanctum::currentApplicationUrlWithPort()
#9 /home/lemmecode-portfolio3/htdocs/portfolio3.lemmecode.in/vendor/laravel/framework/src/Illuminate/Foundation/Bootstrap/LoadConfiguration.php(70): require('...')
#10 /home/lemmecode-portfolio3/htdocs/portfolio3.lemmecode.in/vendor/laravel/framework/src/Illuminate/Foundation/Bootstrap/LoadConfiguration.php(39): Illuminate\\Foundation\\Bootstrap\\LoadConfiguration->loadConfigurationFiles()
#11 /home/lemmecode-portfolio3/htdocs/portfolio3.lemmecode.in/vendor/laravel/framework/src/Illuminate/Foundation/Application.php(286): Illuminate\\Foundation\\Bootstrap\\LoadConfiguration->bootstrap()
#12 /home/lemmecode-portfolio3/htdocs/portfolio3.lemmecode.in/vendor/laravel/framework/src/Illuminate/Foundation/Console/Kernel.php(447): Illuminate\\Foundation\\Application->bootstrapWith()
#13 /home/lemmecode-portfolio3/htdocs/portfolio3.lemmecode.in/vendor/laravel/framework/src/Illuminate/Foundation/Console/Kernel.php(199): Illuminate\\Foundation\\Console\\Kernel->bootstrap()
#14 /home/lemmecode-portfolio3/htdocs/portfolio3.lemmecode.in/artisan(35): Illuminate\\Foundation\\Console\\Kernel->handle()
#15 {main}
"} 
